<?xml version="1.0" encoding="UTF-8"?>
<!-- Generated by org.testng.reporters.JUnitXMLReporter -->
<testsuite ignored="0" hostname="arzu" failures="0" tests="3" name="Default test" time="0.094" errors="0" timestamp="2020-05-20T23:59:45 CDT">
  <testcase classname="Com.class01.TitleLogoLoginValidation" name="TitleValidation" time="0.0"/>
  <testcase classname="Com.class01.TitleLogoLoginValidation" name="ValidLogin" time="0.0"/>
  <testcase classname="Com.class01.TitleLogoLoginValidation" name="logoValidation" time="0.0"/>
</testsuite> <!-- Default test -->
