<?xml version="1.0" encoding="UTF-8"?>
<!-- Generated by org.testng.reporters.JUnitXMLReporter -->
<testsuite ignored="0" hostname="arzu" failures="1" tests="2" name="Test" time="0.07" errors="0" timestamp="2020-05-28T12:35:43 CDT">
  <testcase classname="Com.class04.ListenerDemo" name="test1" time="0.0"/>
  <testcase classname="Com.class04.ListenerDemo" name="test2" time="0.006">
    <failure type="java.lang.AssertionError" message="expected [true] but found [false]">
      <![CDATA[java.lang.AssertionError: expected [true] but found [false]
at Com.class04.ListenerDemo.test2(ListenerDemo.java:18)
at java.base/java.util.ArrayList.forEach(ArrayList.java:1507)
... Removed 31 stack frames]]>
    </failure>
  </testcase> <!-- test2 -->
</testsuite> <!-- Test -->
