<?xml version="1.0" encoding="UTF-8"?>
<!-- Generated by org.testng.reporters.JUnitXMLReporter -->
<testsuite ignored="1" hostname="arzu" failures="0" tests="11" name="Test class01" time="0.143" errors="0" timestamp="2020-05-29T00:50:53 CDT">
  <testcase classname="Com.class01.DifferentAnnotations" name="test" time="0.006"/>
  <testcase classname="Com.class01.TaskTwo" name="firstTest" time="0.002"/>
  <testcase classname="Com.class01.TaskTwo" name="secondTest" time="0.002"/>
  <testcase classname="Com.class01.TaskTwo" name="secondThree" time="0.003"/>
  <testcase classname="Com.class01.TestingNg" name="hello" time="0.002"/>
  <testcase classname="Com.class01.TestNdDemo" name="testOne" time="0.005"/>
  <testcase classname="Com.class01.TestNdDemo" name="testThree" time="0.002"/>
  <testcase classname="Com.class01.TestNdDemo" name="testTwo" time="0.003"/>
  <testcase classname="Com.class01.TestNGdemo" name="firstTest" time="0.003"/>
  <testcase classname="Com.class01.TestNGdemo2" name="firstTest" time="0.002"/>
  <testcase classname="Com.class01.TestNGdemo2" name="secondTest" time="0.005"/>
  <testcase classname="Com.class01.TitleLogoAndLoginValidation" name="validLogin" time="0.0">
    <ignored/>
  </testcase> <!-- validLogin -->
</testsuite> <!-- Test class01 -->
