<?xml version="1.0" encoding="UTF-8"?>
<testng-results ignored="0" total="2" passed="2" failed="0" skipped="0">
  <reporter-output>
  </reporter-output>
  <suite started-at="2020-05-19T19:06:18 CDT" name="Default suite" finished-at="2020-05-19T19:06:18 CDT" duration-ms="125">
    <groups>
    </groups>
    <test started-at="2020-05-19T19:06:18 CDT" name="Default test" finished-at="2020-05-19T19:06:18 CDT" duration-ms="125">
      <class name="Com.class01.TaskTwo">
        <test-method is-config="true" signature="beforeClass()[pri:0, instance:Com.class01.TaskTwo@6e75aa0d]" started-at="2020-05-19T19:06:18 CDT" name="beforeClass" finished-at="2020-05-19T19:06:18 CDT" duration-ms="16" status="PASS">
          <reporter-output>
          </reporter-output>
        </test-method> <!-- beforeClass -->
        <test-method is-config="true" signature="beforeMethod()[pri:0, instance:Com.class01.TaskTwo@6e75aa0d]" started-at="2020-05-19T19:06:18 CDT" name="beforeMethod" finished-at="2020-05-19T19:06:18 CDT" duration-ms="1" status="PASS">
          <reporter-output>
          </reporter-output>
        </test-method> <!-- beforeMethod -->
        <test-method signature="firstTest()[pri:0, instance:Com.class01.TaskTwo@6e75aa0d]" started-at="2020-05-19T19:06:18 CDT" name="firstTest" finished-at="2020-05-19T19:06:18 CDT" duration-ms="18" status="PASS">
          <reporter-output>
          </reporter-output>
        </test-method> <!-- firstTest -->
        <test-method is-config="true" signature="afterMethod()[pri:0, instance:Com.class01.TaskTwo@6e75aa0d]" started-at="2020-05-19T19:06:18 CDT" name="afterMethod" finished-at="2020-05-19T19:06:18 CDT" duration-ms="1" status="PASS">
          <reporter-output>
          </reporter-output>
        </test-method> <!-- afterMethod -->
        <test-method signature="secondTest()[pri:0, instance:Com.class01.TaskTwo@6e75aa0d]" started-at="2020-05-19T19:06:18 CDT" name="secondTest" finished-at="2020-05-19T19:06:18 CDT" duration-ms="2" status="PASS">
          <reporter-output>
          </reporter-output>
        </test-method> <!-- secondTest -->
        <test-method is-config="true" signature="beforeMethod()[pri:0, instance:Com.class01.TaskTwo@6e75aa0d]" started-at="2020-05-19T19:06:18 CDT" name="beforeMethod" finished-at="2020-05-19T19:06:18 CDT" duration-ms="0" status="PASS">
          <reporter-output>
          </reporter-output>
        </test-method> <!-- beforeMethod -->
        <test-method is-config="true" signature="afterMethod()[pri:0, instance:Com.class01.TaskTwo@6e75aa0d]" started-at="2020-05-19T19:06:18 CDT" name="afterMethod" finished-at="2020-05-19T19:06:18 CDT" duration-ms="0" status="PASS">
          <reporter-output>
          </reporter-output>
        </test-method> <!-- afterMethod -->
        <test-method is-config="true" signature="afterClass()[pri:0, instance:Com.class01.TaskTwo@6e75aa0d]" started-at="2020-05-19T19:06:18 CDT" name="afterClass" finished-at="2020-05-19T19:06:18 CDT" duration-ms="1" status="PASS">
          <reporter-output>
          </reporter-output>
        </test-method> <!-- afterClass -->
      </class> <!-- Com.class01.TaskTwo -->
    </test> <!-- Default test -->
  </suite> <!-- Default suite -->
</testng-results>
