<?xml version="1.0" encoding="UTF-8"?>
<testng-results ignored="0" total="3" passed="3" failed="0" skipped="0">
  <reporter-output>
  </reporter-output>
  <suite started-at="2020-05-20T23:59:45 CDT" name="Default suite" finished-at="2020-05-20T23:59:45 CDT" duration-ms="94">
    <groups>
    </groups>
    <test started-at="2020-05-20T23:59:45 CDT" name="Default test" finished-at="2020-05-20T23:59:45 CDT" duration-ms="94">
      <class name="Com.class01.TitleLogoLoginValidation">
        <test-method is-config="true" signature="OpenAndNavigate()[pri:0, instance:Com.class01.TitleLogoLoginValidation@11a9e7c8]" started-at="2020-05-20T23:59:45 CDT" name="OpenAndNavigate" finished-at="2020-05-20T23:59:45 CDT" duration-ms="16" status="PASS">
          <reporter-output>
          </reporter-output>
        </test-method> <!-- OpenAndNavigate -->
        <test-method signature="TitleValidation()[pri:0, instance:Com.class01.TitleLogoLoginValidation@11a9e7c8]" started-at="2020-05-20T23:59:45 CDT" name="TitleValidation" finished-at="2020-05-20T23:59:45 CDT" duration-ms="0" status="PASS">
          <reporter-output>
          </reporter-output>
        </test-method> <!-- TitleValidation -->
        <test-method is-config="true" signature="OpenAndNavigate()[pri:0, instance:Com.class01.TitleLogoLoginValidation@11a9e7c8]" started-at="2020-05-20T23:59:45 CDT" name="OpenAndNavigate" finished-at="2020-05-20T23:59:45 CDT" duration-ms="0" status="PASS">
          <reporter-output>
          </reporter-output>
        </test-method> <!-- OpenAndNavigate -->
        <test-method signature="ValidLogin()[pri:0, instance:Com.class01.TitleLogoLoginValidation@11a9e7c8]" started-at="2020-05-20T23:59:45 CDT" name="ValidLogin" finished-at="2020-05-20T23:59:45 CDT" duration-ms="0" status="PASS">
          <reporter-output>
          </reporter-output>
        </test-method> <!-- ValidLogin -->
        <test-method signature="logoValidation()[pri:0, instance:Com.class01.TitleLogoLoginValidation@11a9e7c8]" started-at="2020-05-20T23:59:45 CDT" name="logoValidation" finished-at="2020-05-20T23:59:45 CDT" duration-ms="0" status="PASS">
          <reporter-output>
          </reporter-output>
        </test-method> <!-- logoValidation -->
        <test-method is-config="true" signature="OpenAndNavigate()[pri:0, instance:Com.class01.TitleLogoLoginValidation@11a9e7c8]" started-at="2020-05-20T23:59:45 CDT" name="OpenAndNavigate" finished-at="2020-05-20T23:59:45 CDT" duration-ms="0" status="PASS">
          <reporter-output>
          </reporter-output>
        </test-method> <!-- OpenAndNavigate -->
      </class> <!-- Com.class01.TitleLogoLoginValidation -->
    </test> <!-- Default test -->
  </suite> <!-- Default suite -->
</testng-results>
